****************************************
Report : timing
	-path_type full
	-delay_type max
	-input_pins
	-nets
	-max_paths 1
	-group comb
	-transition_time
	-capacitance
	-sort_by slack
Design : full_chip_counter_cr
Version: P-2019.03-SP5
Date   : Mon Apr  3 20:39:53 2023
****************************************


  Startpoint: test_se (input port clocked by CLK)
  Endpoint: test_so (output port clocked by CLK)
  Path Group: comb
  Path Type: max

  Point                                     Fanout    Cap      Trans       Incr       Path
  -------------------------------------------------------------------------------------------
  clock CLK (rise edge)                                     0.0000000000 0.0000000000 0.0000000000
  clock network delay (ideal)                                          1.0379600525 1.0379600525
  input external delay                                                 0.0799999982 1.1179600507 r
  test_se (in)                                              0.2000000030 0.0000250340 & 1.1179850847 r
  test_se (net)                                1 2510.0192871094 
  I1025_W_test_se/PADIO (I1025_EW)                          0.0000000000 0.0199999809 * 1.1379850656 r
  I1025_W_test_se/DOUT (I1025_EW)                           0.0000000000 0.5000000000 * 1.6379850656 r
  hvoHier_test_se (net)                       39 146.0286560059 
  clock_optctmTdsLR_1_2520/S0 (MUX21X1_HVT)                 0.0000000000 0.0999999046 * 1.7379849702 r
  clock_optctmTdsLR_1_2520/Y (MUX21X1_HVT)                  0.0000000000 0.3399999142 * 2.0779848844 f
  n1069 (net)                                  1 6.9447383881 
  clock_optZBUF_14_inst_2627/A (NBUFFX2_HVT)                0.0000000000 0.0000000000 * 2.0779848844 f
  clock_optZBUF_14_inst_2627/Y (NBUFFX2_HVT)                0.0000000000 0.1600000858 * 2.2379849702 f
  clock_optZBUF_14_0 (net)                     1 15.3979511261 
  clock_optZBUF_4_inst_2630/A (NBUFFX32_RVT)                0.0000000000 0.0000000000 * 2.2379849702 f
  clock_optZBUF_4_inst_2630/Y (NBUFFX32_RVT)                0.0000000000 0.0899999142 * 2.3279848844 f
  clock_optZBUF_4_1 (net)                      1 133.2354125977 
  D4I1025_N_test_so/DIN (D4I1025_NS)                        0.0000000000 0.1000000238 * 2.4279849082 f
  D4I1025_N_test_so/PADIO (D4I1025_NS)                      0.0000000000 1.8700000048 * 4.2979849130 f
  test_so (net)                                1 3769.1469726562 
  test_so (inout)                                           0.0000000000 0.0000000000 * 4.2979849130 f
  data arrival time                                                               4.2979850769

  clock CLK (rise edge)                                     0.0000000000 5.0000000000 5.0000000000
  clock network delay (ideal)                                          1.0379600525 6.0379600525
  clock reconvergence pessimism                                        0.0000000000 6.0379600525
  output external delay                                                -0.1199999973 5.9179600552
  data required time                                                              5.9179601669
  -------------------------------------------------------------------------------------------
  data required time                                                              5.9179601669
  data arrival time                                                               -4.2979850769
  -------------------------------------------------------------------------------------------
  slack (MET)                                                                     1.6199750900


1
****************************************
Report : timing
	-path_type full
	-delay_type max
	-input_pins
	-nets
	-max_paths 1
	-group inputs
	-transition_time
	-capacitance
	-sort_by slack
Design : full_chip_counter_cr
Version: P-2019.03-SP5
Date   : Mon Apr  3 20:39:53 2023
****************************************


  Startpoint: up (input port clocked by CLK)
  Endpoint: counter_cr_inst_count_regx63x
               (rising edge-triggered flip-flop clocked by CLK)
  Path Group: inputs
  Path Type: max

  Point                                         Fanout    Cap      Trans       Incr       Path
  -----------------------------------------------------------------------------------------------
  clock CLK (rise edge)                                         0.0000000000 0.0000000000 0.0000000000
  clock network delay (ideal)                                              1.0379600525 1.0379600525
  input external delay                                                     0.0799999982 1.1179600507 f
  up (in)                                                       0.2000000030 0.0000257492 & 1.1179857999 f
  up (net)                                         1 2578.0402832031 
  I1025_W_up/PADIO (I1025_EW)                                   0.0000000000 0.0199999809 * 1.1379857808 f
  I1025_W_up/DOUT (I1025_EW)                                    0.0000000000 0.4299998283 * 1.5679856092 f
  hvoHier_up (net)                                33 131.1334075928 
  clock_optctmTdsLR_1_2482/A4 (AOI222X1_RVT)                    0.0000000000 0.1500000954 * 1.7179857045 f
  clock_optctmTdsLR_1_2482/Y (AOI222X1_RVT)                     0.0000000000 0.2200002670 * 1.9379859716 r
  n348 (net)                                       2 1.8350899220 
  U429/A1 (NAND2X0_HVT)                                         0.0000000000 0.0000000000 * 1.9379859716 r
  U429/Y (NAND2X0_HVT)                                          0.0000000000 0.1100001335 * 2.0479861051 f
  n486 (net)                                       3 2.8882946968 
  U430/A1 (AND2X1_HVT)                                          0.0000000000 0.0000000000 * 2.0479861051 f
  U430/Y (AND2X1_HVT)                                           0.0000000000 0.1199998856 * 2.1679859906 f
  n682 (net)                                       2 1.8452320099 
  U431/A3 (AO21X1_HVT)                                          0.0000000000 0.0000000000 * 2.1679859906 f
  U431/Y (AO21X1_HVT)                                           0.0000000000 0.1199998856 * 2.2879858762 f
  n595 (net)                                       4 4.8198900223 
  U433/A1 (AND2X1_RVT)                                          0.0000000000 0.0000000000 * 2.2879858762 f
  U433/Y (AND2X1_RVT)                                           0.0000000000 0.0999999046 * 2.3879857808 f
  n480 (net)                                       3 4.2287917137 
  U435/A1 (AND2X1_HVT)                                          0.0000000000 0.0000000000 * 2.3879857808 f
  U435/Y (AND2X1_HVT)                                           0.0000000000 0.0899999142 * 2.4779856950 f
  n597 (net)                                       2 1.5328400135 
  U438/A1 (NAND3X0_HVT)                                         0.0000000000 0.0000000000 * 2.4779856950 f
  U438/Y (NAND3X0_HVT)                                          0.0000000000 0.0499999523 * 2.5279856473 r
  n350 (net)                                       1 1.0044140816 
  U439/A1 (NAND2X0_RVT)                                         0.0000000000 0.0000000000 * 2.5279856473 r
  U439/Y (NAND2X0_RVT)                                          0.0000000000 0.0499999523 * 2.5779855996 f
  n351 (net)                                       1 1.1011445522 
  U444/A1 (AND2X1_HVT)                                          0.0000000000 0.0000000000 * 2.5779855996 f
  U444/Y (AND2X1_HVT)                                           0.0000000000 0.1099998951 * 2.6879854947 f
  n606 (net)                                       3 2.9428496361 
  U453/A1 (NAND3X0_HVT)                                         0.0000000000 0.0000000000 * 2.6879854947 f
  U453/Y (NAND3X0_HVT)                                          0.0000000000 0.0699999332 * 2.7579854280 r
  n700 (net)                                       2 2.1873717308 
  clock_optctmTdsLR_1_2484/A6 (AO222X1_RVT)                     0.0000000000 0.0000000000 * 2.7579854280 r
  clock_optctmTdsLR_1_2484/Y (AO222X1_RVT)                      0.0000000000 0.1199998856 * 2.8779853135 r
  n614 (net)                                       2 2.8557682037 
  clock_optctmTdsLR_1_2485/A5 (AO221X1_RVT)                     0.0000000000 0.0000000000 * 2.8779853135 r
  clock_optctmTdsLR_1_2485/Y (AO221X1_RVT)                      0.0000000000 0.1400001049 * 3.0179854184 r
  n719 (net)                                       5 7.0807328224 
  U461/A1 (AND2X1_HVT)                                          0.0000000000 0.0000000000 * 3.0179854184 r
  U461/Y (AND2X1_HVT)                                           0.0000000000 0.1199998856 * 3.1379853040 r
  n735 (net)                                       3 3.7345807552 
  U465/A1 (NAND3X0_RVT)                                         0.0000000000 0.0000000000 * 3.1379853040 r
  U465/Y (NAND3X0_RVT)                                          0.0000000000 0.0599999428 * 3.1979852468 f
  n361 (net)                                       1 0.9941785336 
  clock_optctmTdsLR_2_2488/A1 (NAND3X0_RVT)                     0.0000000000 0.0000000000 * 3.1979852468 f
  clock_optctmTdsLR_2_2488/Y (NAND3X0_RVT)                      0.0000000000 0.0699999332 * 3.2679851800 r
  tmp_net330 (net)                                 1 1.9042596817 
  clock_optctmTdsLR_1_2487/A3 (AO21X1_RVT)                      0.0000000000 0.0000000000 * 3.2679851800 r
  clock_optctmTdsLR_1_2487/Y (AO21X1_RVT)                       0.0000000000 0.0999999046 * 3.3679850847 r
  n854 (net)                                       7 6.6858143806 
  U498/A1 (NAND2X0_HVT)                                         0.0000000000 0.0000000000 * 3.3679850847 r
  U498/Y (NAND2X0_HVT)                                          0.0000000000 0.0899999142 * 3.4579849988 f
  n364 (net)                                       1 1.3350121975 
  U499/A2 (NAND2X0_HVT)                                         0.0000000000 0.0000000000 * 3.4579849988 f
  U499/Y (NAND2X0_HVT)                                          0.0000000000 0.0999999046 * 3.5579849035 r
  n492 (net)                                       2 2.1889119148 
  clock_optctmTdsLR_1_2489/A1 (AO221X1_RVT)                     0.0000000000 0.0000000000 * 3.5579849035 r
  clock_optctmTdsLR_1_2489/Y (AO221X1_RVT)                      0.0000000000 0.1400001049 * 3.6979850084 r
  n924 (net)                                       3 3.2055659294 
  clock_optctmTdsLR_1_2490/A1 (AO222X1_RVT)                     0.0000000000 0.0000000000 * 3.6979850084 r
  clock_optctmTdsLR_1_2490/Y (AO222X1_RVT)                      0.0000000000 0.1600000858 * 3.8579850942 r
  n908 (net)                                       3 2.8808393478 
  clock_optctmTdsLR_1_2492/A1 (AO222X1_RVT)                     0.0000000000 0.0000000000 * 3.8579850942 r
  clock_optctmTdsLR_1_2492/Y (AO222X1_RVT)                      0.0000000000 0.1600000858 * 4.0179851800 r
  n893 (net)                                       3 3.1629621983 
  clock_optctmTdsLR_3_2565/A1 (NAND2X0_HVT)                     0.0000000000 0.0000000000 * 4.0179851800 r
  clock_optctmTdsLR_3_2565/Y (NAND2X0_HVT)                      0.0000000000 0.0700001717 * 4.0879853517 f
  tmp_net362 (net)                                 1 0.8583056927 
  clock_optctmTdsLR_1_2563/A2 (NAND3X0_HVT)                     0.0000000000 0.0000000000 * 4.0879853517 f
  clock_optctmTdsLR_1_2563/Y (NAND3X0_HVT)                      0.0000000000 0.0799999237 * 4.1679852754 r
  n515 (net)                                       2 2.3843019009 
  U537/A3 (AO22X1_RVT)                                          0.0000000000 0.0000000000 * 4.1679852754 r
  U537/Y (AO22X1_RVT)                                           0.0000000000 0.0900001526 * 4.2579854280 r
  n913 (net)                                       2 2.1634154320 
  U540/A3 (AO22X1_HVT)                                          0.0000000000 0.0000000000 * 4.2579854280 r
  U540/Y (AO22X1_HVT)                                           0.0000000000 0.1199998856 * 4.3779853135 r
  n898 (net)                                       2 3.4269411564 
  U543/A3 (AO22X1_HVT)                                          0.0000000000 0.0000000000 * 4.3779853135 r
  U543/Y (AO22X1_HVT)                                           0.0000000000 0.1199998856 * 4.4979851991 r
  n882 (net)                                       2 2.8361196518 
  U546/A3 (AO22X1_RVT)                                          0.0000000000 0.0000000000 * 4.4979851991 r
  U546/Y (AO22X1_RVT)                                           0.0000000000 0.0799999237 * 4.5779851228 r
  n520 (net)                                       2 2.1536228657 
  U549/A3 (AO22X1_HVT)                                          0.0000000000 0.0000000000 * 4.5779851228 r
  U549/Y (AO22X1_HVT)                                           0.0000000000 0.1199998856 * 4.6979850084 r
  n918 (net)                                       2 2.8521771431 
  U552/A3 (AO22X1_RVT)                                          0.0000000000 0.0000000000 * 4.6979850084 r
  U552/Y (AO22X1_RVT)                                           0.0000000000 0.0900001526 * 4.7879851609 r
  n903 (net)                                       2 2.6610054970 
  U555/A3 (AO22X1_HVT)                                          0.0000000000 0.0000000000 * 4.7879851609 r
  U555/Y (AO22X1_HVT)                                           0.0000000000 0.1199998856 * 4.9079850465 r
  n888 (net)                                       2 2.9971241951 
  U558/A3 (AO22X1_HVT)                                          0.0000000000 0.0000000000 * 4.9079850465 r
  U558/Y (AO22X1_HVT)                                           0.0000000000 0.1199998856 * 5.0279849321 r
  n532 (net)                                       2 2.6438763142 
  U561/A3 (AO22X1_HVT)                                          0.0000000000 0.0000000000 * 5.0279849321 r
  U561/Y (AO22X1_HVT)                                           0.0000000000 0.1199996471 * 5.1479845792 r
  n947 (net)                                       2 2.3019607067 
  U564/A3 (AO22X1_HVT)                                          0.0000000000 0.0000000000 * 5.1479845792 r
  U564/Y (AO22X1_HVT)                                           0.0000000000 0.1199998856 * 5.2679844648 r
  n537 (net)                                       2 3.1476101875 
  U567/A3 (AO22X1_HVT)                                          0.0000000000 0.0000000000 * 5.2679844648 r
  U567/Y (AO22X1_HVT)                                           0.0000000000 0.1199998856 * 5.3879843503 r
  n526 (net)                                       2 2.4645056725 
  U721/A3 (AO22X1_HVT)                                          0.0000000000 0.0000000000 * 5.3879843503 r
  U721/Y (AO22X1_HVT)                                           0.0000000000 0.1199998856 * 5.5079842359 r
  n931 (net)                                       2 2.1734533310 
  U1072/A3 (AO22X1_HVT)                                         0.0000000000 0.0000000000 * 5.5079842359 r
  U1072/Y (AO22X1_HVT)                                          0.0000000000 0.1199998856 * 5.6279841214 r
  n938 (net)                                       2 2.2238204479 
  U1079/A3 (AO22X1_HVT)                                         0.0000000000 0.0000000000 * 5.6279841214 r
  U1079/Y (AO22X1_HVT)                                          0.0000000000 0.1199998856 * 5.7479840070 r
  n940 (net)                                       1 2.2012259960 
  U1080/A1 (XOR2X1_HVT)                                         0.0000000000 0.0000000000 * 5.7479840070 r
  U1080/Y (XOR2X1_HVT)                                          0.0000000000 0.1799998283 * 5.9279838353 r
  n942 (net)                                       2 2.8344578743 
  U1082/A (INVX0_HVT)                                           0.0000000000 0.0000000000 * 5.9279838353 r
  U1082/Y (INVX0_HVT)                                           0.0000000000 0.0500001907 * 5.9779840261 f
  n944 (net)                                       1 1.0066769123 
  U1083/A1 (NAND2X0_HVT)                                        0.0000000000 0.0000000000 * 5.9779840261 f
  U1083/Y (NAND2X0_HVT)                                         0.0000000000 0.0599999428 * 6.0379839689 r
  n945 (net)                                       1 1.1689203978 
  U1084/A2 (NAND3X0_HVT)                                        0.0000000000 0.0000000000 * 6.0379839689 r
  U1084/Y (NAND3X0_HVT)                                         0.0000000000 0.1500000954 * 6.1879840642 f
  counter_cr_inst_n662 (net)                       1 1.4556959867 
  counter_cr_inst_count_regx63x/D (SDFFARX1_HVT)                0.0000000000 0.0000000000 * 6.1879840642 f
  data arrival time                                                                   6.1879839897

  clock CLK (rise edge)                                         0.0000000000 5.0000000000 5.0000000000
  clock network delay (propagated)                                         1.0800198317 * 6.0800198317
  clock reconvergence pessimism                                            0.0000000000 6.0800198317
  counter_cr_inst_count_regx63x/CLK (SDFFARX1_HVT)                                    6.0800198317 r
  library setup time                                                       -0.1800000072 * 5.9000198245
  data required time                                                                  5.9000196457
  -----------------------------------------------------------------------------------------------
  data required time                                                                  5.9000196457
  data arrival time                                                                   -6.1879839897
  -----------------------------------------------------------------------------------------------
  slack (VIOLATED)                                                                    -0.2879642248


1
****************************************
Report : timing
	-path_type full
	-delay_type max
	-input_pins
	-nets
	-max_paths 1
	-group output
	-transition_time
	-capacitance
	-sort_by slack
Design : full_chip_counter_cr
Version: P-2019.03-SP5
Date   : Mon Apr  3 20:39:53 2023
****************************************


  Startpoint: counter_cr_inst_count_regx27x
               (rising edge-triggered flip-flop clocked by CLK)
  Endpoint: count[27] (output port clocked by CLK)
  Path Group: output
  Path Type: max

  Point                                           Fanout    Cap      Trans       Incr       Path
  -------------------------------------------------------------------------------------------------
  clock CLK (rise edge)                                           0.0000000000 0.0000000000 0.0000000000
  clock network delay (propagated)                                           1.0700198412 * 1.0700198412
  counter_cr_inst_count_regx27x/CLK (SDFFARX1_HVT)                0.0000000000 0.0000000000 1.0700198412 r
  counter_cr_inst_count_regx27x/Q (SDFFARX1_HVT)                  0.0000000000 0.2899999619 * 1.3600198030 f
  hvoHier_count[27] (net)                            2 3.7270843983 
  U506/A (NBUFFX2_HVT)                                            0.0000000000 0.0000000000 * 1.3600198030 f
  U506/Y (NBUFFX2_HVT)                                            0.0000000000 0.1299998760 * 1.4900196791 f
  n992 (net)                                         4 12.8209724426 
  placeBINV_R_204/A (INVX2_HVT)                                   0.0000000000 0.0000000000 * 1.4900196791 f
  placeBINV_R_204/Y (INVX2_HVT)                                   0.0000000000 0.0799999237 * 1.5700196028 r
  BUF_net_204 (net)                                  1 9.5999460220 
  clock_optgre_mt_inst_2655/A (NBUFFX4_HVT)                       0.0000000000 0.0000000000 * 1.5700196028 r
  clock_optgre_mt_inst_2655/Y (NBUFFX4_HVT)                       0.0000000000 0.1400001049 * 1.7100197077 r
  gre_net_424 (net)                                  1 36.4316978455 
  clock_optgre_mt_inst_2653/A (NBUFFX4_HVT)                       0.0000000000 0.0099999905 * 1.7200196981 r
  clock_optgre_mt_inst_2653/Y (NBUFFX4_HVT)                       0.0000000000 0.1600000858 * 1.8800197840 r
  gre_net_422 (net)                                  1 33.9060096741 
  clock_optgre_mt_inst_2651/A (NBUFFX2_HVT)                       0.0000000000 0.0099999905 * 1.8900197744 r
  clock_optgre_mt_inst_2651/Y (NBUFFX2_HVT)                       0.0000000000 0.1400001049 * 2.0300198793 r
  gre_net_420 (net)                                  1 13.9942264557 
  clock_optgre_mt_inst_2650/A (NBUFFX4_HVT)                       0.0000000000 0.0000000000 * 2.0300198793 r
  clock_optgre_mt_inst_2650/Y (NBUFFX4_HVT)                       0.0000000000 0.1299998760 * 2.1600197554 r
  gre_net_419 (net)                                  1 23.7048606873 
  placeBINV_R_200/A (INVX16_HVT)                                  0.0000000000 0.0000000000 * 2.1600197554 r
  placeBINV_R_200/Y (INVX16_HVT)                                  0.0000000000 0.0700000525 * 2.2300198078 f
  BUF_net_200 (net)                                  1 67.4882659912 
  D4I1025_S_countx27x/DIN (D4I1025_NS)                            0.0000000000 0.0199999809 * 2.2500197887 f
  D4I1025_S_countx27x/PADIO (D4I1025_NS)                          0.0000000000 1.8400000334 * 4.0900198221 f
  count[27] (net)                                    1 3769.1469726562 
  count[27] (inout)                                               0.0000000000 0.0000000000 * 4.0900198221 f
  data arrival time                                                                     4.0900197029

  clock CLK (rise edge)                                           0.0000000000 5.0000000000 5.0000000000
  clock network delay (ideal)                                                1.0379600525 6.0379600525
  clock reconvergence pessimism                                              0.0000000000 6.0379600525
  output external delay                                                      -0.1199999973 5.9179600552
  data required time                                                                    5.9179601669
  -------------------------------------------------------------------------------------------------
  data required time                                                                    5.9179601669
  data arrival time                                                                     -4.0900197029
  -------------------------------------------------------------------------------------------------
  slack (MET)                                                                           1.8279402256


1
****************************************
Report : timing
	-path_type full
	-delay_type max
	-input_pins
	-nets
	-max_paths 1
	-group reg2reg
	-transition_time
	-capacitance
	-sort_by slack
Design : full_chip_counter_cr
Version: P-2019.03-SP5
Date   : Mon Apr  3 20:39:53 2023
****************************************


  Startpoint: counter_cr_inst_count_regx1x
               (rising edge-triggered flip-flop clocked by CLK)
  Endpoint: counter_cr_inst_count_regx63x
               (rising edge-triggered flip-flop clocked by CLK)
  Last common pin: clk
  Path Group: reg2reg
  Path Type: max

  Point                                          Fanout    Cap      Trans       Incr       Path
  ------------------------------------------------------------------------------------------------
  clock CLK (rise edge)                                          0.0000000000 0.0000000000 0.0000000000
  clock network delay (propagated)                                          1.0700198412 * 1.0700198412
  counter_cr_inst_count_regx1x/CLK (SDFFARX1_HVT)                0.0000000000 0.0000000000 1.0700198412 r
  counter_cr_inst_count_regx1x/Q (SDFFARX1_HVT)                  0.0000000000 0.3099999428 * 1.3800197840 r
  hvoHier_count[1] (net)                            3 5.3969573975 
  U532/A (INVX0_HVT)                                             0.0000000000 0.0000000000 * 1.3800197840 r
  U532/Y (INVX0_HVT)                                             0.0000000000 0.1199998856 * 1.5000196695 f
  n1003 (net)                                       3 6.1870317459 
  clock_optctmTdsLR_1_2482/A2 (AOI222X1_RVT)                     0.0000000000 0.0000000000 * 1.5000196695 f
  clock_optctmTdsLR_1_2482/Y (AOI222X1_RVT)                      0.0000000000 0.1799998283 * 1.6800194979 r
  n348 (net)                                        2 1.8350899220 
  U429/A1 (NAND2X0_HVT)                                          0.0000000000 0.0000000000 * 1.6800194979 r
  U429/Y (NAND2X0_HVT)                                           0.0000000000 0.1100001335 * 1.7900196314 f
  n486 (net)                                        3 2.8882946968 
  U430/A1 (AND2X1_HVT)                                           0.0000000000 0.0000000000 * 1.7900196314 f
  U430/Y (AND2X1_HVT)                                            0.0000000000 0.1199998856 * 1.9100195169 f
  n682 (net)                                        2 1.8452320099 
  U431/A3 (AO21X1_HVT)                                           0.0000000000 0.0000000000 * 1.9100195169 f
  U431/Y (AO21X1_HVT)                                            0.0000000000 0.1199996471 * 2.0300191641 f
  n595 (net)                                        4 4.8198900223 
  U433/A1 (AND2X1_RVT)                                           0.0000000000 0.0000000000 * 2.0300191641 f
  U433/Y (AND2X1_RVT)                                            0.0000000000 0.0999999046 * 2.1300190687 f
  n480 (net)                                        3 4.2287917137 
  U435/A1 (AND2X1_HVT)                                           0.0000000000 0.0000000000 * 2.1300190687 f
  U435/Y (AND2X1_HVT)                                            0.0000000000 0.0899999142 * 2.2200189829 f
  n597 (net)                                        2 1.5328400135 
  U438/A1 (NAND3X0_HVT)                                          0.0000000000 0.0000000000 * 2.2200189829 f
  U438/Y (NAND3X0_HVT)                                           0.0000000000 0.0499999523 * 2.2700189352 r
  n350 (net)                                        1 1.0044140816 
  U439/A1 (NAND2X0_RVT)                                          0.0000000000 0.0000000000 * 2.2700189352 r
  U439/Y (NAND2X0_RVT)                                           0.0000000000 0.0499999523 * 2.3200188875 f
  n351 (net)                                        1 1.1011445522 
  U444/A1 (AND2X1_HVT)                                           0.0000000000 0.0000000000 * 2.3200188875 f
  U444/Y (AND2X1_HVT)                                            0.0000000000 0.1099998951 * 2.4300187826 f
  n606 (net)                                        3 2.9428496361 
  U453/A1 (NAND3X0_HVT)                                          0.0000000000 0.0000000000 * 2.4300187826 f
  U453/Y (NAND3X0_HVT)                                           0.0000000000 0.0699999332 * 2.5000187159 r
  n700 (net)                                        2 2.1873717308 
  clock_optctmTdsLR_1_2484/A6 (AO222X1_RVT)                      0.0000000000 0.0000000000 * 2.5000187159 r
  clock_optctmTdsLR_1_2484/Y (AO222X1_RVT)                       0.0000000000 0.1199998856 * 2.6200186014 r
  n614 (net)                                        2 2.8557682037 
  clock_optctmTdsLR_1_2485/A5 (AO221X1_RVT)                      0.0000000000 0.0000000000 * 2.6200186014 r
  clock_optctmTdsLR_1_2485/Y (AO221X1_RVT)                       0.0000000000 0.1400001049 * 2.7600187063 r
  n719 (net)                                        5 7.0807328224 
  U461/A1 (AND2X1_HVT)                                           0.0000000000 0.0000000000 * 2.7600187063 r
  U461/Y (AND2X1_HVT)                                            0.0000000000 0.1199998856 * 2.8800185919 r
  n735 (net)                                        3 3.7345807552 
  U465/A1 (NAND3X0_RVT)                                          0.0000000000 0.0000000000 * 2.8800185919 r
  U465/Y (NAND3X0_RVT)                                           0.0000000000 0.0599999428 * 2.9400185347 f
  n361 (net)                                        1 0.9941785336 
  clock_optctmTdsLR_2_2488/A1 (NAND3X0_RVT)                      0.0000000000 0.0000000000 * 2.9400185347 f
  clock_optctmTdsLR_2_2488/Y (NAND3X0_RVT)                       0.0000000000 0.0699999332 * 3.0100184679 r
  tmp_net330 (net)                                  1 1.9042596817 
  clock_optctmTdsLR_1_2487/A3 (AO21X1_RVT)                       0.0000000000 0.0000000000 * 3.0100184679 r
  clock_optctmTdsLR_1_2487/Y (AO21X1_RVT)                        0.0000000000 0.0999999046 * 3.1100183725 r
  n854 (net)                                        7 6.6858143806 
  U498/A1 (NAND2X0_HVT)                                          0.0000000000 0.0000000000 * 3.1100183725 r
  U498/Y (NAND2X0_HVT)                                           0.0000000000 0.0899999142 * 3.2000182867 f
  n364 (net)                                        1 1.3350121975 
  U499/A2 (NAND2X0_HVT)                                          0.0000000000 0.0000000000 * 3.2000182867 f
  U499/Y (NAND2X0_HVT)                                           0.0000000000 0.0999999046 * 3.3000181913 r
  n492 (net)                                        2 2.1889119148 
  clock_optctmTdsLR_1_2489/A1 (AO221X1_RVT)                      0.0000000000 0.0000000000 * 3.3000181913 r
  clock_optctmTdsLR_1_2489/Y (AO221X1_RVT)                       0.0000000000 0.1400001049 * 3.4400182962 r
  n924 (net)                                        3 3.2055659294 
  clock_optctmTdsLR_1_2490/A1 (AO222X1_RVT)                      0.0000000000 0.0000000000 * 3.4400182962 r
  clock_optctmTdsLR_1_2490/Y (AO222X1_RVT)                       0.0000000000 0.1600000858 * 3.6000183821 r
  n908 (net)                                        3 2.8808393478 
  clock_optctmTdsLR_1_2492/A1 (AO222X1_RVT)                      0.0000000000 0.0000000000 * 3.6000183821 r
  clock_optctmTdsLR_1_2492/Y (AO222X1_RVT)                       0.0000000000 0.1600000858 * 3.7600184679 r
  n893 (net)                                        3 3.1629621983 
  clock_optctmTdsLR_3_2565/A1 (NAND2X0_HVT)                      0.0000000000 0.0000000000 * 3.7600184679 r
  clock_optctmTdsLR_3_2565/Y (NAND2X0_HVT)                       0.0000000000 0.0699999332 * 3.8300184011 f
  tmp_net362 (net)                                  1 0.8583056927 
  clock_optctmTdsLR_1_2563/A2 (NAND3X0_HVT)                      0.0000000000 0.0000000000 * 3.8300184011 f
  clock_optctmTdsLR_1_2563/Y (NAND3X0_HVT)                       0.0000000000 0.0799999237 * 3.9100183249 r
  n515 (net)                                        2 2.3843019009 
  U537/A3 (AO22X1_RVT)                                           0.0000000000 0.0000000000 * 3.9100183249 r
  U537/Y (AO22X1_RVT)                                            0.0000000000 0.0900001526 * 4.0000184774 r
  n913 (net)                                        2 2.1634154320 
  U540/A3 (AO22X1_HVT)                                           0.0000000000 0.0000000000 * 4.0000184774 r
  U540/Y (AO22X1_HVT)                                            0.0000000000 0.1199998856 * 4.1200183630 r
  n898 (net)                                        2 3.4269411564 
  U543/A3 (AO22X1_HVT)                                           0.0000000000 0.0000000000 * 4.1200183630 r
  U543/Y (AO22X1_HVT)                                            0.0000000000 0.1199998856 * 4.2400182486 r
  n882 (net)                                        2 2.8361196518 
  U546/A3 (AO22X1_RVT)                                           0.0000000000 0.0000000000 * 4.2400182486 r
  U546/Y (AO22X1_RVT)                                            0.0000000000 0.0799999237 * 4.3200181723 r
  n520 (net)                                        2 2.1536228657 
  U549/A3 (AO22X1_HVT)                                           0.0000000000 0.0000000000 * 4.3200181723 r
  U549/Y (AO22X1_HVT)                                            0.0000000000 0.1199998856 * 4.4400180578 r
  n918 (net)                                        2 2.8521771431 
  U552/A3 (AO22X1_RVT)                                           0.0000000000 0.0000000000 * 4.4400180578 r
  U552/Y (AO22X1_RVT)                                            0.0000000000 0.0900001526 * 4.5300182104 r
  n903 (net)                                        2 2.6610054970 
  U555/A3 (AO22X1_HVT)                                           0.0000000000 0.0000000000 * 4.5300182104 r
  U555/Y (AO22X1_HVT)                                            0.0000000000 0.1199998856 * 4.6500180960 r
  n888 (net)                                        2 2.9971241951 
  U558/A3 (AO22X1_HVT)                                           0.0000000000 0.0000000000 * 4.6500180960 r
  U558/Y (AO22X1_HVT)                                            0.0000000000 0.1199998856 * 4.7700179815 r
  n532 (net)                                        2 2.6438763142 
  U561/A3 (AO22X1_HVT)                                           0.0000000000 0.0000000000 * 4.7700179815 r
  U561/Y (AO22X1_HVT)                                            0.0000000000 0.1199998856 * 4.8900178671 r
  n947 (net)                                        2 2.3019607067 
  U564/A3 (AO22X1_HVT)                                           0.0000000000 0.0000000000 * 4.8900178671 r
  U564/Y (AO22X1_HVT)                                            0.0000000000 0.1199998856 * 5.0100177526 r
  n537 (net)                                        2 3.1476101875 
  U567/A3 (AO22X1_HVT)                                           0.0000000000 0.0000000000 * 5.0100177526 r
  U567/Y (AO22X1_HVT)                                            0.0000000000 0.1199996471 * 5.1300173998 r
  n526 (net)                                        2 2.4645056725 
  U721/A3 (AO22X1_HVT)                                           0.0000000000 0.0000000000 * 5.1300173998 r
  U721/Y (AO22X1_HVT)                                            0.0000000000 0.1199998856 * 5.2500172853 r
  n931 (net)                                        2 2.1734533310 
  U1072/A3 (AO22X1_HVT)                                          0.0000000000 0.0000000000 * 5.2500172853 r
  U1072/Y (AO22X1_HVT)                                           0.0000000000 0.1199998856 * 5.3700171709 r
  n938 (net)                                        2 2.2238204479 
  U1079/A3 (AO22X1_HVT)                                          0.0000000000 0.0000000000 * 5.3700171709 r
  U1079/Y (AO22X1_HVT)                                           0.0000000000 0.1199998856 * 5.4900170565 r
  n940 (net)                                        1 2.2012259960 
  U1080/A1 (XOR2X1_HVT)                                          0.0000000000 0.0000000000 * 5.4900170565 r
  U1080/Y (XOR2X1_HVT)                                           0.0000000000 0.1799998283 * 5.6700168848 r
  n942 (net)                                        2 2.8344578743 
  U1082/A (INVX0_HVT)                                            0.0000000000 0.0000000000 * 5.6700168848 r
  U1082/Y (INVX0_HVT)                                            0.0000000000 0.0500001907 * 5.7200170755 f
  n944 (net)                                        1 1.0066769123 
  U1083/A1 (NAND2X0_HVT)                                         0.0000000000 0.0000000000 * 5.7200170755 f
  U1083/Y (NAND2X0_HVT)                                          0.0000000000 0.0599999428 * 5.7800170183 r
  n945 (net)                                        1 1.1689203978 
  U1084/A2 (NAND3X0_HVT)                                         0.0000000000 0.0000000000 * 5.7800170183 r
  U1084/Y (NAND3X0_HVT)                                          0.0000000000 0.1500000954 * 5.9300171137 f
  counter_cr_inst_n662 (net)                        1 1.4556959867 
  counter_cr_inst_count_regx63x/D (SDFFARX1_HVT)                 0.0000000000 0.0000000000 * 5.9300171137 f
  data arrival time                                                                    5.9300169945

  clock CLK (rise edge)                                          0.0000000000 5.0000000000 5.0000000000
  clock network delay (propagated)                                          1.0800198317 * 6.0800198317
  clock reconvergence pessimism                                             0.0000000000 6.0800198317
  counter_cr_inst_count_regx63x/CLK (SDFFARX1_HVT)                                     6.0800198317 r
  library setup time                                                        -0.1800000072 * 5.9000198245
  data required time                                                                   5.9000196457
  ------------------------------------------------------------------------------------------------
  data required time                                                                   5.9000196457
  data arrival time                                                                    -5.9300169945
  ------------------------------------------------------------------------------------------------
  slack (VIOLATED)                                                                     -0.0299972892


1
