****************************************
Report : timing
	-path_type full
	-delay_type max
	-input_pins
	-nets
	-max_paths 1
	-group comb
	-transition_time
	-capacitance
	-sort_by slack
Design : full_chip_dot_product
Version: P-2019.03-SP5
Date   : Sun Apr 30 21:23:34 2023
****************************************


  Startpoint: test_se (input port clocked by CLK)
  Endpoint: test_so (output port clocked by CLK)
  Path Group: comb
  Path Type: max

  Point                               Fanout    Cap      Trans       Incr       Path
  -------------------------------------------------------------------------------------
  clock CLK (rise edge)                               0.0000000000 0.0000000000 0.0000000000
  clock network delay (ideal)                                    1.6112799644 1.6112799644
  input external delay                                           0.0799999982 1.6912799627 r
  test_se (in)                                        0.2000000030 0.0000147820 & 1.6912947446 r
  test_se (net)                          1 2514.2470703125 
  I1025_W_test_se/PADIO (I1025_EW)                    0.3621763587 0.2400000095 * 1.9312947541 r
  I1025_W_test_se/DOUT (I1025_EW)                     0.2709273398 0.5199999809 * 2.4512947351 r
  hvoHier_test_se (net)                  2 74.5746612549 
  U637/A (INVX16_LVT)                                 0.2903417647 0.0699999332 * 2.5212946683 r
  U637/Y (INVX16_LVT)                                 0.1063378900 0.0000000000 * 2.5212946683 f
  n907 (net)                             1 19.6131248474 
  U699/S0 (MUX21X2_LVT)                               0.1065375060 0.0000000000 * 2.5212946683 f
  U699/Y (MUX21X2_LVT)                                0.0401353948 0.0699999332 * 2.5912946016 r
  net_net_64 (net)                       1 2.6521284580 
  placeBUFT_RR_64/A (NBUFFX16_RVT)                    0.0401354134 0.0000000000 * 2.5912946016 r
  placeBUFT_RR_64/Y (NBUFFX16_RVT)                    0.0558918752 0.0699999332 * 2.6612945348 r
  n742 (net)                             1 59.8305511475 
  placeBINV_R_37/A (INVX32_RVT)                       0.0789669976 0.0300000906 * 2.6912946254 r
  placeBINV_R_37/Y (INVX32_RVT)                       0.0537347533 0.0299999714 * 2.7212945968 f
  BUF_net_37 (net)                       1 51.5633354187 
  placeBINV_R_36/A (INVX32_RVT)                       0.0665231869 0.0199999809 * 2.7412945777 f
  placeBINV_R_36/Y (INVX32_RVT)                       0.0493746437 0.0299999714 * 2.7712945491 r
  BUF_net_36 (net)                       1 63.8442611694 
  placeBINV_R_35/A (INVX32_RVT)                       0.0786782429 0.0299999714 * 2.8012945205 r
  placeBINV_R_35/Y (INVX32_RVT)                       0.0546758510 0.0299999714 * 2.8312944919 f
  BUF_net_35 (net)                       1 55.6461372375 
  D4I1025_E_test_so/DIN (D4I1025_EW)                  0.0714922994 0.0299999714 * 2.8612944633 f
  D4I1025_E_test_so/PADIO (D4I1025_EW)                2.1317539215 1.8300000429 * 4.6912945062 f
  test_so (net)                          1 3769.1469726562 
  test_so (inout)                                     2.1317539215 0.0000000000 * 4.6912945062 f
  data arrival time                                                         4.6912946701

  clock CLK (rise edge)                               0.0000000000 2.0000000000 2.0000000000
  clock network delay (ideal)                                    1.6112799644 3.6112799644
  clock reconvergence pessimism                                  0.0000000000 3.6112799644
  output external delay                                          -0.1199999973 3.4912799671
  data required time                                                        3.4912800789
  -------------------------------------------------------------------------------------
  data required time                                                        3.4912800789
  data arrival time                                                         -4.6912946701
  -------------------------------------------------------------------------------------
  slack (VIOLATED)                                                          -1.2000145912


1
****************************************
Report : timing
	-path_type full
	-delay_type max
	-input_pins
	-nets
	-max_paths 1
	-group inputs
	-transition_time
	-capacitance
	-sort_by slack
Design : full_chip_dot_product
Version: P-2019.03-SP5
Date   : Sun Apr 30 21:23:34 2023
****************************************


  Startpoint: test_se (input port clocked by CLK)
  Endpoint: dot_product_inst_final_out_regx0x
               (rising edge-triggered flip-flop clocked by CLK)
  Path Group: inputs
  Path Type: max

  Point                                              Fanout    Cap      Trans       Incr       Path
  ----------------------------------------------------------------------------------------------------
  clock CLK (rise edge)                                              0.0000000000 0.0000000000 0.0000000000
  clock network delay (ideal)                                                   1.6112799644 1.6112799644
  input external delay                                                          0.0799999982 1.6912799627 r
  test_se (in)                                                       0.2000000030 0.0000147820 & 1.6912947446 r
  test_se (net)                                         1 2514.2470703125 
  I1025_W_test_se/PADIO (I1025_EW)                                   0.3621763587 0.2400000095 * 1.9312947541 r
  I1025_W_test_se/DOUT (I1025_EW)                                    0.2709273398 0.5199999809 * 2.4512947351 r
  hvoHier_test_se (net)                                 2 74.5746612549 
  U598/A (NBUFFX8_RVT)                                               0.2903417945 0.0699999332 * 2.5212946683 r
  U598/Y (NBUFFX8_RVT)                                               0.0692913011 0.0900000334 * 2.6112947017 r
  n892 (net)                                           10 18.7611389160 
  U128/A (NBUFFX2_HVT)                                               0.0694403350 0.0000000000 * 2.6112947017 r
  U128/Y (NBUFFX2_HVT)                                               0.0899141580 0.1299999952 * 2.7412946969 r
  n296 (net)                                            7 14.0025024414 
  dot_product_inst_final_out_regx0x/SE (SDFFARX2_HVT)                0.0899141580 0.0000000000 * 2.7412946969 r
  data arrival time                                                                        2.7412946224

  clock CLK (rise edge)                                              0.0000000000 2.0000000000 2.0000000000
  clock network delay (propagated)                                              0.8000187874 * 2.8000187874
  clock reconvergence pessimism                                                 0.0000000000 2.8000187874
  dot_product_inst_final_out_regx0x/CLK (SDFFARX2_HVT)                                     2.8000187874 r
  library setup time                                                            -0.2300000042 * 2.5700187832
  data required time                                                                       2.5700187683
  ----------------------------------------------------------------------------------------------------
  data required time                                                                       2.5700187683
  data arrival time                                                                        -2.7412946224
  ----------------------------------------------------------------------------------------------------
  slack (VIOLATED)                                                                         -0.1712759137


1
****************************************
Report : timing
	-path_type full
	-delay_type max
	-input_pins
	-nets
	-max_paths 1
	-group output
	-transition_time
	-capacitance
	-sort_by slack
Design : full_chip_dot_product
Version: P-2019.03-SP5
Date   : Sun Apr 30 21:23:34 2023
****************************************


  Startpoint: dot_product_inst_i1_store_regx2x
               (rising edge-triggered flip-flop clocked by CLK)
  Endpoint: out[5] (output port clocked by CLK)
  Path Group: output
  Path Type: max

  Point                                              Fanout    Cap      Trans       Incr       Path
  ----------------------------------------------------------------------------------------------------
  clock CLK (rise edge)                                              0.0000000000 0.0000000000 0.0000000000
  clock network delay (propagated)                                              0.8300188184 * 0.8300188184
  dot_product_inst_i1_store_regx2x/CLK (SDFFARX1_LVT)                0.0871293694 0.0000000000 0.8300188184 r
  dot_product_inst_i1_store_regx2x/Q (SDFFARX1_LVT)                  0.0722245798 0.1900000572 * 1.0200188756 r
  n824 (net)                                            5 7.3545188904 
  U350/A3 (NAND4X0_RVT)                                              0.0722247213 0.0000000000 * 1.0200188756 r
  U350/Y (NAND4X0_RVT)                                               0.0798926950 0.0800001621 * 1.1000190377 f
  n902 (net)                                            1 1.0388165712 
  clock_optgre_d_BUF_67_inst_3887/A (NBUFFX4_RVT)                    0.0798926950 0.0000000000 * 1.1000190377 f
  clock_optgre_d_BUF_67_inst_3887/Y (NBUFFX4_RVT)                    0.0334959663 0.0699999332 * 1.1700189710 f
  clock_optgre_d_BUF_67_0 (net)                         3 4.7751502991 
  U673/A1 (NAND2X0_RVT)                                              0.0334961265 0.0000000000 * 1.1700189710 f
  U673/Y (NAND2X0_RVT)                                               0.0816009417 0.0700001717 * 1.2400191426 r
  n933 (net)                                            1 2.5173621178 
  U672/A (INVX2_RVT)                                                 0.0816009566 0.0000000000 * 1.2400191426 r
  U672/Y (INVX2_RVT)                                                 0.0521846376 0.0399999619 * 1.2800191045 f
  n592 (net)                                            3 4.6657066345 
  U658/A1 (AO21X1_RVT)                                               0.0521846972 0.0000000000 * 1.2800191045 f
  U658/Y (AO21X1_RVT)                                                0.0316454284 0.0900001526 * 1.3700192571 f
  n153 (net)                                            1 1.4568293095 
  U657/A2 (MUX21X2_RVT)                                              0.0316454358 0.0000000000 * 1.3700192571 f
  U657/Y (MUX21X2_RVT)                                               0.0484523550 0.0899999142 * 1.4600191712 f
  n552 (net)                                            1 3.1744997501 
  U496/A (INVX4_RVT)                                                 0.0484523661 0.0000000000 * 1.4600191712 f
  U496/Y (INVX4_RVT)                                                 0.0380099714 0.0399999619 * 1.5000191331 r
  n692 (net)                                            2 9.7452316284 
  U517/A (INVX4_RVT)                                                 0.0380127504 0.0000000000 * 1.5000191331 r
  U517/Y (INVX4_RVT)                                                 0.0205035377 0.0199999809 * 1.5200191140 f
  n205 (net)                                            1 1.4589197636 
  U220/A1 (AND2X1_RVT)                                               0.0205035470 0.0000000000 * 1.5200191140 f
  U220/Y (AND2X1_RVT)                                                0.0342152864 0.0599999428 * 1.5800190568 f
  n557 (net)                                            1 1.9330632687 
  U506/A (INVX2_RVT)                                                 0.0342152938 0.0000000000 * 1.5800190568 f
  U506/Y (INVX2_RVT)                                                 0.0311031099 0.0299999714 * 1.6100190282 r
  n652 (net)                                            3 4.2986841202 
  U482/A1 (AO21X1_RVT)                                               0.0311032347 0.0000000000 * 1.6100190282 r
  U482/Y (AO21X1_RVT)                                                0.0471884236 0.0900001526 * 1.7000191808 r
  n579 (net)                                            1 2.7041182518 
  U534/A3 (XOR3X2_RVT)                                               0.0471884646 0.0000000000 * 1.7000191808 r
  U534/Y (XOR3X2_RVT)                                                0.0568736903 0.0999999046 * 1.8000190854 f
  n212 (net)                                            3 3.9973914623 
  U213/A2 (AND2X1_RVT)                                               0.0568737350 0.0000000000 * 1.8000190854 f
  U213/Y (AND2X1_RVT)                                                0.0366751067 0.0799999237 * 1.8800190091 f
  n581 (net)                                            1 2.3876791000 
  clock_optctmTdsLR_1_3565/A1 (OA21X1_RVT)                           0.0366751850 0.0000000000 * 1.8800190091 f
  clock_optctmTdsLR_1_3565/Y (OA21X1_RVT)                            0.0359931588 0.0799999237 * 1.9600189328 f
  n929 (net)                                            1 1.8324716091 
  U669/A3 (XOR3X2_RVT)                                               0.0359931700 0.0000000000 * 1.9600189328 f
  U669/Y (XOR3X2_RVT)                                                0.0565703996 0.0900001526 * 2.0500190854 f
  n281 (net)                                            1 3.8985500336 
  U698/A (NBUFFX32_RVT)                                              0.0565704219 0.0000000000 * 2.0500190854 f
  U698/Y (NBUFFX32_RVT)                                              0.0419144593 0.0699999332 * 2.1200190187 f
  n970 (net)                                            2 61.7298316956 
  U466/A (INVX32_RVT)                                                0.0701726899 0.0300000906 * 2.1500191092 f
  U466/Y (INVX32_RVT)                                                0.0509619266 0.0299999714 * 2.1800190806 r
  n858 (net)                                            1 58.2534942627 
  clock_optgre_d_INV_37_inst_3941/A (INVX32_RVT)                     0.0737336576 0.0299999714 * 2.2100190520 r
  clock_optgre_d_INV_37_inst_3941/Y (INVX32_RVT)                     0.0504243635 0.0299999714 * 2.2400190234 f
  clock_optgre_d_INV_37_2 (net)                         1 76.0980987549 
  D4I1025_N_outx5x/DIN (D4I1025_NS)                                  0.1098049954 0.0599999428 * 2.3000189662 f
  D4I1025_N_outx5x/PADIO (D4I1025_NS)                                2.1319577694 1.8500000238 * 4.1500189900 f
  out[5] (net)                                          1 3769.1469726562 
  out[5] (inout)                                                     2.1319577694 0.0000000000 * 4.1500189900 f
  data arrival time                                                                        4.1500191689

  clock CLK (rise edge)                                              0.0000000000 2.0000000000 2.0000000000
  clock network delay (ideal)                                                   1.6112799644 3.6112799644
  clock reconvergence pessimism                                                 0.0000000000 3.6112799644
  output external delay                                                         -0.1199999973 3.4912799671
  data required time                                                                       3.4912800789
  ----------------------------------------------------------------------------------------------------
  data required time                                                                       3.4912800789
  data arrival time                                                                        -4.1500191689
  ----------------------------------------------------------------------------------------------------
  slack (VIOLATED)                                                                         -0.6587390304


1
****************************************
Report : timing
	-path_type full
	-delay_type max
	-input_pins
	-nets
	-max_paths 1
	-group reg2reg
	-transition_time
	-capacitance
	-sort_by slack
Design : full_chip_dot_product
Version: P-2019.03-SP5
Date   : Sun Apr 30 21:23:34 2023
****************************************


  Startpoint: dot_product_inst_i1_store_regx2x
               (rising edge-triggered flip-flop clocked by CLK)
  Endpoint: dot_product_inst_final_out_regx5x
               (rising edge-triggered flip-flop clocked by CLK)
  Last common pin: clk
  Path Group: reg2reg
  Path Type: max

  Point                                              Fanout    Cap      Trans       Incr       Path
  ----------------------------------------------------------------------------------------------------
  clock CLK (rise edge)                                              0.0000000000 0.0000000000 0.0000000000
  clock network delay (propagated)                                              0.8300188184 * 0.8300188184
  dot_product_inst_i1_store_regx2x/CLK (SDFFARX1_LVT)                0.0871293694 0.0000000000 0.8300188184 r
  dot_product_inst_i1_store_regx2x/Q (SDFFARX1_LVT)                  0.0722245798 0.1899999380 * 1.0200187564 r
  n824 (net)                                            5 7.3545188904 
  U350/A3 (NAND4X0_RVT)                                              0.0722247213 0.0000000000 * 1.0200187564 r
  U350/Y (NAND4X0_RVT)                                               0.0798926950 0.0800000429 * 1.1000187993 f
  n902 (net)                                            1 1.0388165712 
  clock_optgre_d_BUF_67_inst_3887/A (NBUFFX4_RVT)                    0.0798926950 0.0000000000 * 1.1000187993 f
  clock_optgre_d_BUF_67_inst_3887/Y (NBUFFX4_RVT)                    0.0334959663 0.0700000525 * 1.1700188518 f
  clock_optgre_d_BUF_67_0 (net)                         3 4.7751502991 
  U673/A1 (NAND2X0_RVT)                                              0.0334961265 0.0000000000 * 1.1700188518 f
  U673/Y (NAND2X0_RVT)                                               0.0816009417 0.0700000525 * 1.2400189042 r
  n933 (net)                                            1 2.5173621178 
  U672/A (INVX2_RVT)                                                 0.0816009566 0.0000000000 * 1.2400189042 r
  U672/Y (INVX2_RVT)                                                 0.0521846376 0.0399999619 * 1.2800188661 f
  n592 (net)                                            3 4.6657066345 
  U658/A1 (AO21X1_RVT)                                               0.0521846972 0.0000000000 * 1.2800188661 f
  U658/Y (AO21X1_RVT)                                                0.0316454284 0.0900000334 * 1.3700188994 f
  n153 (net)                                            1 1.4568293095 
  U657/A2 (MUX21X2_RVT)                                              0.0316454358 0.0000000000 * 1.3700188994 f
  U657/Y (MUX21X2_RVT)                                               0.0484523550 0.0899999738 * 1.4600188732 f
  n552 (net)                                            1 3.1744997501 
  U496/A (INVX4_RVT)                                                 0.0484523661 0.0000000000 * 1.4600188732 f
  U496/Y (INVX4_RVT)                                                 0.0380099714 0.0400000215 * 1.5000188947 r
  n692 (net)                                            2 9.7452316284 
  U517/A (INVX4_RVT)                                                 0.0380127504 0.0000000000 * 1.5000188947 r
  U517/Y (INVX4_RVT)                                                 0.0205035377 0.0199999809 * 1.5200188756 f
  n205 (net)                                            1 1.4589197636 
  U220/A1 (AND2X1_RVT)                                               0.0205035470 0.0000000000 * 1.5200188756 f
  U220/Y (AND2X1_RVT)                                                0.0342152864 0.0599999428 * 1.5800188184 f
  n557 (net)                                            1 1.9330632687 
  U506/A (INVX2_RVT)                                                 0.0342152938 0.0000000000 * 1.5800188184 f
  U506/Y (INVX2_RVT)                                                 0.0311031099 0.0299999714 * 1.6100187898 r
  n652 (net)                                            3 4.2986841202 
  U482/A1 (AO21X1_RVT)                                               0.0311032347 0.0000000000 * 1.6100187898 r
  U482/Y (AO21X1_RVT)                                                0.0471884236 0.0900000334 * 1.7000188231 r
  n579 (net)                                            1 2.7041182518 
  U534/A3 (XOR3X2_RVT)                                               0.0471884646 0.0000000000 * 1.7000188231 r
  U534/Y (XOR3X2_RVT)                                                0.0568736903 0.1000000238 * 1.8000188470 f
  n212 (net)                                            3 3.9973914623 
  U213/A2 (AND2X1_RVT)                                               0.0568737350 0.0000000000 * 1.8000188470 f
  U213/Y (AND2X1_RVT)                                                0.0366751067 0.0800000429 * 1.8800188899 f
  n581 (net)                                            1 2.3876791000 
  clock_optctmTdsLR_1_3565/A1 (OA21X1_RVT)                           0.0366751850 0.0000000000 * 1.8800188899 f
  clock_optctmTdsLR_1_3565/Y (OA21X1_RVT)                            0.0359931588 0.0800000429 * 1.9600189328 f
  n929 (net)                                            1 1.8324716091 
  U669/A3 (XOR3X2_RVT)                                               0.0359931700 0.0000000000 * 1.9600189328 f
  U669/Y (XOR3X2_RVT)                                                0.0565703996 0.0900000334 * 2.0500189662 f
  n281 (net)                                            1 3.8985500336 
  U698/A (NBUFFX32_RVT)                                              0.0565704219 0.0000000000 * 2.0500189662 f
  U698/Y (NBUFFX32_RVT)                                              0.0419144593 0.0699999332 * 2.1200188994 f
  n970 (net)                                            2 61.7298316956 
  U409/A (NBUFFX2_HVT)                                               0.0437884107 0.0000000000 * 2.1200188994 f
  U409/Y (NBUFFX2_HVT)                                               0.0817388892 0.1000000238 * 2.2200189233 f
  n827 (net)                                            1 10.4968338013 
  U348/A2 (AND2X1_HVT)                                               0.0817489326 0.0000000000 * 2.2200189233 f
  U348/Y (AND2X1_HVT)                                                0.0864922926 0.1199998856 * 2.3400188088 f
  n661 (net)                                            1 3.1568353176 
  dot_product_inst_final_out_regx5x/D (SDFFARX2_HVT)                 0.0864923745 0.0000000000 * 2.3400188088 f
  data arrival time                                                                        2.3400187492

  clock CLK (rise edge)                                              0.0000000000 2.0000000000 2.0000000000
  clock network delay (propagated)                                              0.8000187874 * 2.8000187874
  clock reconvergence pessimism                                                 0.0000000000 2.8000187874
  dot_product_inst_final_out_regx5x/CLK (SDFFARX2_HVT)                                     2.8000187874 r
  library setup time                                                            -0.1700000018 * 2.6300187856
  data required time                                                                       2.6300187111
  ----------------------------------------------------------------------------------------------------
  data required time                                                                       2.6300187111
  data arrival time                                                                        -2.3400187492
  ----------------------------------------------------------------------------------------------------
  slack (MET)                                                                              0.2899999619


1
